This file contains any messages produced by compilers while
running configure, to aid debugging if configure makes a mistake.

It was created by configure, which was
generated by GNU Autoconf 2.57.  Invocation command line was

  $ ./configure 

## --------- ##
## Platform. ##
## --------- ##

hostname = daemon.local
uname -m = x86_64
uname -r = 14.0.0
uname -s = Darwin
uname -v = Darwin Kernel Version 14.0.0: Fri Sep 19 00:26:44 PDT 2014; root:xnu-2782.1.97~2/RELEASE_X86_64

/usr/bin/uname -p = i386
/bin/uname -X     = unknown

/bin/arch              = unknown
/usr/bin/arch -k       = unknown
/usr/convex/getsysinfo = unknown
hostinfo               = Mach kernel version:
	 Darwin Kernel Version 14.0.0: Fri Sep 19 00:26:44 PDT 2014; root:xnu-2782.1.97~2/RELEASE_X86_64
Kernel configured for up to 2 processors.
2 processors are physically available.
2 processors are logically available.
Processor type: i486 (Intel 80486)
Processors active: 0 1
Primary memory available: 8.00 gigabytes
Default processor set: 244 tasks, 1198 threads, 2 processors
Load average: 1.78, Mach factor: 0.22
/bin/machine           = unknown
/usr/bin/oslevel       = unknown
/bin/universe          = unknown

PATH: /usr/local/bin
PATH: /usr/local/bin
PATH: /usr/bin
PATH: /bin
PATH: /usr/sbin
PATH: /sbin
PATH: /usr/local/git/bin
PATH: /usr/texbin
PATH: /Users/luckow/programs/links/
PATH: /Users/luckow/programs/lustre/bin
PATH: /Users/luckow/programs/jkind
PATH: /Users/luckow/programs/yices-1/bin


## ----------- ##
## Core tests. ##
## ----------- ##

configure:1309: checking for a BSD-compatible install
configure:1363: result: /usr/local/bin/ginstall -c
configure:1374: checking whether build environment is sane
configure:1417: result: yes
configure:1450: checking for gawk
configure:1479: result: no
configure:1450: checking for mawk
configure:1479: result: no
configure:1450: checking for nawk
configure:1479: result: no
configure:1450: checking for awk
configure:1466: found /usr/bin/awk
configure:1476: result: awk
configure:1486: checking whether make sets $(MAKE)
configure:1506: result: yes
configure:1776: checking for gcc
configure:1792: found /usr/bin/gcc
configure:1802: result: gcc
configure:2046: checking for C compiler version
configure:2049: gcc --version </dev/null >&5
Configured with: --prefix=/Applications/Xcode.app/Contents/Developer/usr --with-gxx-include-dir=/usr/include/c++/4.2.1
Apple LLVM version 6.0 (clang-600.0.56) (based on LLVM 3.5svn)
Target: x86_64-apple-darwin14.0.0
Thread model: posix
configure:2052: $? = 0
configure:2054: gcc -v </dev/null >&5
Configured with: --prefix=/Applications/Xcode.app/Contents/Developer/usr --with-gxx-include-dir=/usr/include/c++/4.2.1
Apple LLVM version 6.0 (clang-600.0.56) (based on LLVM 3.5svn)
Target: x86_64-apple-darwin14.0.0
Thread model: posix
configure:2057: $? = 0
configure:2059: gcc -V </dev/null >&5
clang: error: argument to '-V' is missing (expected 1 value)
clang: error: no input files
configure:2062: $? = 1
configure:2086: checking for C compiler default output
configure:2089: gcc -O2 -ffloat-store -funroll-loops   conftest.c  >&5
configure:2092: $? = 0
configure:2138: result: a.out
configure:2143: checking whether the C compiler works
configure:2149: ./a.out
configure:2152: $? = 0
configure:2169: result: yes
configure:2176: checking whether we are cross compiling
configure:2178: result: no
configure:2181: checking for suffix of executables
configure:2183: gcc -o conftest -O2 -ffloat-store -funroll-loops   conftest.c  >&5
configure:2186: $? = 0
configure:2211: result: 
configure:2217: checking for suffix of object files
configure:2239: gcc -c -O2 -ffloat-store -funroll-loops  conftest.c >&5
configure:2242: $? = 0
configure:2264: result: o
configure:2268: checking whether we are using the GNU C compiler
configure:2293: gcc -c -O2 -ffloat-store -funroll-loops  conftest.c >&5
configure:2296: $? = 0
configure:2299: test -s conftest.o
configure:2302: $? = 0
configure:2315: result: yes
configure:2321: checking whether gcc accepts -g
configure:2343: gcc -c -g  conftest.c >&5
configure:2346: $? = 0
configure:2349: test -s conftest.o
configure:2352: $? = 0
configure:2363: result: yes
configure:2380: checking for gcc option to accept ANSI C
configure:2441: gcc  -c -O2 -ffloat-store -funroll-loops  conftest.c >&5
configure:2444: $? = 0
configure:2447: test -s conftest.o
configure:2450: $? = 0
configure:2468: result: none needed
configure:2486: gcc -c -O2 -ffloat-store -funroll-loops  conftest.c >&5
conftest.c:2:3: error: unknown type name 'choke'
  choke me
  ^
conftest.c:2:11: error: expected ';' after top level declarator
  choke me
          ^
          ;
2 errors generated.
configure:2489: $? = 1
configure: failed program was:
| #ifndef __cplusplus
|   choke me
| #endif
configure:2617: checking for style of include used by make
configure:2645: result: GNU
configure:2673: checking dependency style of gcc
configure:2735: result: gcc3
configure:2745: checking how to run the C preprocessor
configure:2781: gcc -E  conftest.c
configure:2787: $? = 0
configure:2819: gcc -E  conftest.c
configure:2823:10: fatal error: 'ac_nonexistent.h' file not found
#include <ac_nonexistent.h>
         ^
1 error generated.
configure:2825: $? = 1
configure: failed program was:
| #line 2810 "configure"
| /* confdefs.h.  */
| 
| #define PACKAGE_NAME ""
| #define PACKAGE_TARNAME ""
| #define PACKAGE_VERSION ""
| #define PACKAGE_STRING ""
| #define PACKAGE_BUGREPORT ""
| #define PACKAGE "realpaver"
| #define VERSION "0.4"
| #define SOFTWARE_NAME "RealPaver"
| #define SOFTWARE_DEBUG 0
| #define SOFTWARE_PROFILE 0
| /* end confdefs.h.  */
| #include <ac_nonexistent.h>
configure:2863: result: gcc -E
configure:2888: gcc -E  conftest.c
configure:2894: $? = 0
configure:2926: gcc -E  conftest.c
configure:2930:10: fatal error: 'ac_nonexistent.h' file not found
#include <ac_nonexistent.h>
         ^
1 error generated.
configure:2932: $? = 1
configure: failed program was:
| #line 2917 "configure"
| /* confdefs.h.  */
| 
| #define PACKAGE_NAME ""
| #define PACKAGE_TARNAME ""
| #define PACKAGE_VERSION ""
| #define PACKAGE_STRING ""
| #define PACKAGE_BUGREPORT ""
| #define PACKAGE "realpaver"
| #define VERSION "0.4"
| #define SOFTWARE_NAME "RealPaver"
| #define SOFTWARE_DEBUG 0
| #define SOFTWARE_PROFILE 0
| /* end confdefs.h.  */
| #include <ac_nonexistent.h>
configure:2975: checking for inline
configure:2997: gcc -c -O2 -ffloat-store -funroll-loops  conftest.c >&5
configure:3000: $? = 0
configure:3003: test -s conftest.o
configure:3006: $? = 0
configure:3018: result: inline
configure:3043: checking for bison
configure:3059: found /usr/bin/bison
configure:3069: result: bison -y
configure:3084: checking for flex
configure:3100: found /usr/bin/flex
configure:3110: result: flex
configure:3123: checking for yywrap in -lfl
configure:3154: gcc -o conftest -O2 -ffloat-store -funroll-loops   conftest.c -lfl   >&5
ld: library not found for -lfl
clang: error: linker command failed with exit code 1 (use -v to see invocation)
configure:3157: $? = 1
configure: failed program was:
| #line 3130 "configure"
| /* confdefs.h.  */
| 
| #define PACKAGE_NAME ""
| #define PACKAGE_TARNAME ""
| #define PACKAGE_VERSION ""
| #define PACKAGE_STRING ""
| #define PACKAGE_BUGREPORT ""
| #define PACKAGE "realpaver"
| #define VERSION "0.4"
| #define SOFTWARE_NAME "RealPaver"
| #define SOFTWARE_DEBUG 0
| #define SOFTWARE_PROFILE 0
| /* end confdefs.h.  */
| 
| /* Override any gcc2 internal prototype to avoid an error.  */
| #ifdef __cplusplus
| extern "C"
| #endif
| /* We use char because int might match the return type of a gcc2
|    builtin and then its argument prototype would still apply.  */
| char yywrap ();
| int
| main ()
| {
| yywrap ();
|   ;
|   return 0;
| }
configure:3175: result: no
configure:3180: checking for yywrap in -ll
configure:3211: gcc -o conftest -O2 -ffloat-store -funroll-loops   conftest.c -ll   >&5
configure:3214: $? = 0
configure:3217: test -s conftest
configure:3220: $? = 0
configure:3232: result: yes
configure:3243: checking lex output file root
configure:3254: flex conftest.l
configure:3257: $? = 0
configure:3269: result: lex.yy
configure:3274: checking whether yytext is a pointer
configure:3290: gcc -o conftest -O2 -ffloat-store -funroll-loops   conftest.c  -ll >&5
configure:3293: $? = 0
configure:3296: test -s conftest
configure:3299: $? = 0
configure:3312: result: yes
configure:3338: checking for a BSD-compatible install
configure:3392: result: /usr/local/bin/ginstall -c
configure:3409: checking for egrep
configure:3419: result: grep -E
configure:3424: checking for ANSI C header files
configure:3450: gcc -c -O2 -ffloat-store -funroll-loops  conftest.c >&5
configure:3453: $? = 0
configure:3456: test -s conftest.o
configure:3459: $? = 0
configure:3551: gcc -o conftest -O2 -ffloat-store -funroll-loops   conftest.c  >&5
configure:3550:7: warning: implicitly declaring library function 'exit' with type 'void (int) __attribute__((noreturn))'
      exit(2);
      ^
configure:3550:7: note: please include the header <stdlib.h> or explicitly provide a declaration for 'exit'
1 warning generated.
configure:3554: $? = 0
configure:3556: ./conftest
configure:3559: $? = 0
configure:3574: result: yes
configure:3598: checking for sys/types.h
configure:3615: gcc -c -O2 -ffloat-store -funroll-loops  conftest.c >&5
configure:3618: $? = 0
configure:3621: test -s conftest.o
configure:3624: $? = 0
configure:3635: result: yes
configure:3598: checking for sys/stat.h
configure:3615: gcc -c -O2 -ffloat-store -funroll-loops  conftest.c >&5
configure:3618: $? = 0
configure:3621: test -s conftest.o
configure:3624: $? = 0
configure:3635: result: yes
configure:3598: checking for stdlib.h
configure:3615: gcc -c -O2 -ffloat-store -funroll-loops  conftest.c >&5
configure:3618: $? = 0
configure:3621: test -s conftest.o
configure:3624: $? = 0
configure:3635: result: yes
configure:3598: checking for string.h
configure:3615: gcc -c -O2 -ffloat-store -funroll-loops  conftest.c >&5
configure:3618: $? = 0
configure:3621: test -s conftest.o
configure:3624: $? = 0
configure:3635: result: yes
configure:3598: checking for memory.h
configure:3615: gcc -c -O2 -ffloat-store -funroll-loops  conftest.c >&5
configure:3618: $? = 0
configure:3621: test -s conftest.o
configure:3624: $? = 0
configure:3635: result: yes
configure:3598: checking for strings.h
configure:3615: gcc -c -O2 -ffloat-store -funroll-loops  conftest.c >&5
configure:3618: $? = 0
configure:3621: test -s conftest.o
configure:3624: $? = 0
configure:3635: result: yes
configure:3598: checking for inttypes.h
configure:3615: gcc -c -O2 -ffloat-store -funroll-loops  conftest.c >&5
configure:3618: $? = 0
configure:3621: test -s conftest.o
configure:3624: $? = 0
configure:3635: result: yes
configure:3598: checking for stdint.h
configure:3615: gcc -c -O2 -ffloat-store -funroll-loops  conftest.c >&5
configure:3618: $? = 0
configure:3621: test -s conftest.o
configure:3624: $? = 0
configure:3635: result: yes
configure:3598: checking for unistd.h
configure:3615: gcc -c -O2 -ffloat-store -funroll-loops  conftest.c >&5
configure:3618: $? = 0
configure:3621: test -s conftest.o
configure:3624: $? = 0
configure:3635: result: yes
configure:3657: checking time.h usability
configure:3670: gcc -c -O2 -ffloat-store -funroll-loops  conftest.c >&5
configure:3673: $? = 0
configure:3676: test -s conftest.o
configure:3679: $? = 0
configure:3689: result: yes
configure:3693: checking time.h presence
configure:3704: gcc -E  conftest.c
configure:3710: $? = 0
configure:3729: result: yes
configure:3765: checking for time.h
configure:3772: result: yes
configure:3799: checking sys/resource.h usability
configure:3812: gcc -c -O2 -ffloat-store -funroll-loops  conftest.c >&5
configure:3815: $? = 0
configure:3818: test -s conftest.o
configure:3821: $? = 0
configure:3831: result: yes
configure:3835: checking sys/resource.h presence
configure:3846: gcc -E  conftest.c
configure:3852: $? = 0
configure:3871: result: yes
configure:3907: checking for sys/resource.h
configure:3914: result: yes
configure:3932: checking for string.h
configure:3937: result: yes
configure:4083: checking ctype.h usability
configure:4096: gcc -c -O2 -ffloat-store -funroll-loops  conftest.c >&5
configure:4099: $? = 0
configure:4102: test -s conftest.o
configure:4105: $? = 0
configure:4115: result: yes
configure:4119: checking ctype.h presence
configure:4130: gcc -E  conftest.c
configure:4136: $? = 0
configure:4155: result: yes
configure:4191: checking for ctype.h
configure:4198: result: yes
configure:4223: checking build system type
configure:4241: result: i386-apple-darwin14.0.0
configure:4249: checking host system type
configure:4263: result: i386-apple-darwin14.0.0
configure:5305: creating ./config.status

## ---------------------- ##
## Running config.status. ##
## ---------------------- ##

This file was extended by config.status, which was
generated by GNU Autoconf 2.57.  Invocation command line was

  CONFIG_FILES    = 
  CONFIG_HEADERS  = 
  CONFIG_LINKS    = 
  CONFIG_COMMANDS = 
  $ ./config.status 

on daemon.local

config.status:662: creating Makefile
config.status:662: creating src/Makefile
config.status:766: creating src/config.h
config.status:985: executing depfiles commands

## ---------------- ##
## Cache variables. ##
## ---------------- ##

ac_cv_build=i386-apple-darwin14.0.0
ac_cv_build_alias=i386-apple-darwin14.0.0
ac_cv_c_compiler_gnu=yes
ac_cv_c_inline=inline
ac_cv_env_CC_set=
ac_cv_env_CC_value=
ac_cv_env_CFLAGS_set=
ac_cv_env_CFLAGS_value=
ac_cv_env_CPPFLAGS_set=
ac_cv_env_CPPFLAGS_value=
ac_cv_env_CPP_set=
ac_cv_env_CPP_value=
ac_cv_env_LDFLAGS_set=
ac_cv_env_LDFLAGS_value=
ac_cv_env_build_alias_set=
ac_cv_env_build_alias_value=
ac_cv_env_host_alias_set=
ac_cv_env_host_alias_value=
ac_cv_env_target_alias_set=
ac_cv_env_target_alias_value=
ac_cv_exeext=
ac_cv_header_ctype_h=yes
ac_cv_header_inttypes_h=yes
ac_cv_header_memory_h=yes
ac_cv_header_stdc=yes
ac_cv_header_stdint_h=yes
ac_cv_header_stdlib_h=yes
ac_cv_header_string_h=yes
ac_cv_header_strings_h=yes
ac_cv_header_sys_resource_h=yes
ac_cv_header_sys_stat_h=yes
ac_cv_header_sys_types_h=yes
ac_cv_header_time_h=yes
ac_cv_header_unistd_h=yes
ac_cv_host=i386-apple-darwin14.0.0
ac_cv_host_alias=i386-apple-darwin14.0.0
ac_cv_lib_fl_yywrap=no
ac_cv_lib_l_yywrap=yes
ac_cv_objext=o
ac_cv_path_install='/usr/local/bin/ginstall -c'
ac_cv_prog_AWK=awk
ac_cv_prog_CPP='gcc -E'
ac_cv_prog_LEX=flex
ac_cv_prog_YACC='bison -y'
ac_cv_prog_ac_ct_CC=gcc
ac_cv_prog_cc_g=yes
ac_cv_prog_cc_stdc=
ac_cv_prog_egrep='grep -E'
ac_cv_prog_lex_root=lex.yy
ac_cv_prog_lex_yytext_pointer=yes
ac_cv_prog_make_make_set=yes
am_cv_CC_dependencies_compiler_type=gcc3

## ----------------- ##
## Output variables. ##
## ----------------- ##

ACLOCAL='${SHELL} /Users/luckow/code/tools/realpaver-0.4/missing --run aclocal-1.6'
AMDEPBACKSLASH='\'
AMDEP_FALSE='#'
AMDEP_TRUE=''
AMTAR='${SHELL} /Users/luckow/code/tools/realpaver-0.4/missing --run tar'
AUTOCONF='${SHELL} /Users/luckow/code/tools/realpaver-0.4/missing --run autoconf'
AUTOHEADER='${SHELL} /Users/luckow/code/tools/realpaver-0.4/missing --run autoheader'
AUTOMAKE='${SHELL} /Users/luckow/code/tools/realpaver-0.4/missing --run automake-1.6'
AWK='awk'
CC='gcc'
CCDEPMODE='depmode=gcc3'
CFLAGS='-O2 -ffloat-store -funroll-loops'
CPP='gcc -E'
CPPFLAGS=''
DEFS='-DHAVE_CONFIG_H'
DEPDIR='.deps'
ECHO_C='ECHO_N=''
ECHO_T=''
EGREP='grep -E'
EXEEXT=''
INSTALL_DATA='${INSTALL} -m 644'
INSTALL_PROGRAM='${INSTALL}'
INSTALL_SCRIPT='${INSTALL}'
INSTALL_STRIP_PROGRAM='${SHELL} $(install_sh) -c -s'
LDFLAGS=''
LEX='flex'
LEXLIB='-ll'
LEX_OUTPUT_ROOT='lex.yy'
LIBOBJS=''
LIBS=''
LTLIBOBJS=''
MAKEINFO='${SHELL} /Users/luckow/code/tools/realpaver-0.4/missing --run makeinfo'
MATH_LIB='-lm'
OBJEXT='o'
PACKAGE='realpaver'
PACKAGE_BUGREPORT=''
PACKAGE_NAME=''
PACKAGE_STRING=''
PACKAGE_TARNAME=''
PACKAGE_VERSION=''
PATH_SEPARATOR=':'
SET_MAKE=''
SHELL='/bin/sh'
STRIP=''
VERSION='0.4'
YACC='bison -y'
ac_ct_CC='gcc'
ac_ct_STRIP=''
am__include='include'
am__quote=''
bindir='${exec_prefix}/bin'
build='i386-apple-darwin14.0.0'
build_alias=''
build_cpu='i386'
build_os='darwin14.0.0'
build_vendor='apple'
datadir='${prefix}/share'
exec_prefix='${prefix}'
host='i386-apple-darwin14.0.0'
host_alias=''
host_cpu='i386'
host_os='darwin14.0.0'
host_vendor='apple'
includedir='${prefix}/include'
infodir='${prefix}/info'
install_sh='/Users/luckow/code/tools/realpaver-0.4/install-sh'
libdir='${exec_prefix}/lib'
libexecdir='${exec_prefix}/libexec'
localstatedir='${prefix}/var'
mandir='${prefix}/man'
oldincludedir='/usr/include'
prefix='/usr/local'
program_transform_name='s,x,x,'
sbindir='${exec_prefix}/sbin'
sharedstatedir='${prefix}/com'
sysconfdir='${prefix}/etc'
target_alias=''

## ----------- ##
## confdefs.h. ##
## ----------- ##

#define HAVE_INTTYPES_H 1
#define HAVE_MEMORY_H 1
#define HAVE_STDINT_H 1
#define HAVE_STDLIB_H 1
#define HAVE_STRINGS_H 1
#define HAVE_STRING_H 1
#define HAVE_SYS_STAT_H 1
#define HAVE_SYS_TYPES_H 1
#define HAVE_UNISTD_H 1
#define PACKAGE "realpaver"
#define PACKAGE_BUGREPORT ""
#define PACKAGE_NAME ""
#define PACKAGE_STRING ""
#define PACKAGE_TARNAME ""
#define PACKAGE_VERSION ""
#define SOFTWARE_DEBUG 0
#define SOFTWARE_NAME "RealPaver"
#define SOFTWARE_PROFILE 0
#define STDC_HEADERS 1
#define VERSION "0.4"
#define YYTEXT_POINTER 1

configure: exit 0
